[ 2018-06-25T16:06:46+08:00 ] 127.0.0.1 /test
ERR: 无法加载模块:Test

[ 2018-06-25T17:13:29+08:00 ] 127.0.0.1 /index/
ERR: 1146:Table 'cai.article' doesn't exist
 [ SQL语句 ] : SHOW COLUMNS FROM `article`
ERR: 1146:Table 'cai.article' doesn't exist
 [ SQL语句 ] : SELECT COUNT(*) AS tp_count FROM `article` WHERE ( `status` = 1 ) LIMIT 1  
ERR: 1146:Table 'cai.article' doesn't exist
 [ SQL语句 ] : SELECT * FROM `article` WHERE ( `status` = 1 ) ORDER BY timeline desc LIMIT 0,10  

[ 2018-06-25T17:13:36+08:00 ] 127.0.0.1 /
ERR: 1146:Table 'cai.article' doesn't exist
 [ SQL语句 ] : SHOW COLUMNS FROM `article`
ERR: 1146:Table 'cai.article' doesn't exist
 [ SQL语句 ] : SELECT COUNT(*) AS tp_count FROM `article` WHERE ( `status` = 1 ) LIMIT 1  
ERR: 1146:Table 'cai.article' doesn't exist
 [ SQL语句 ] : SELECT * FROM `article` WHERE ( `status` = 1 ) ORDER BY timeline desc LIMIT 0,10  

[ 2018-06-25T17:54:18+08:00 ] 127.0.0.1 /
ERR: 1146:Table 'cai.article' doesn't exist
 [ SQL语句 ] : SHOW COLUMNS FROM `article`
ERR: 1146:Table 'cai.article' doesn't exist
 [ SQL语句 ] : SELECT COUNT(*) AS tp_count FROM `article` WHERE ( `status` = 1 ) LIMIT 1  
ERR: 1146:Table 'cai.article' doesn't exist
 [ SQL语句 ] : SELECT * FROM `article` WHERE ( `status` = 1 ) ORDER BY timeline desc LIMIT 0,10  

[ 2018-06-25T17:54:23+08:00 ] 127.0.0.1 /wx/us/fllow
ERR: 无法加载模块:Us

